{
  "C:/Users/vladu/Documents/Projects/FanService/src/shared/ui/button/ui/Button.tsx": {
    "path": "C:/Users/vladu/Documents/Projects/FanService/src/shared/ui/button/ui/Button.tsx",
    "statementMap": {
      "0": {
        "start": {
          "line": 1,
          "column": 26
        },
        "end": {
          "line": 1,
          "column": null
        }
      },
      "1": {
        "start": {
          "line": 5,
          "column": 7
        },
        "end": {
          "line": 7,
          "column": 2
        }
      },
      "2": {
        "start": {
          "line": 6,
          "column": 2
        },
        "end": {
          "line": 6,
          "column": null
        }
      },
      "3": {
        "start": {
          "line": 7,
          "column": 2
        },
        "end": {
          "line": 7,
          "column": null
        }
      },
      "4": {
        "start": {
          "line": 5,
          "column": 36
        },
        "end": {
          "line": 5,
          "column": null
        }
      }
    },
    "fnMap": {
      "0": {
        "name": "(anonymous_0)",
        "decl": {
          "start": {
            "line": 1,
            "column": 26
          },
          "end": {
            "line": 1,
            "column": null
          }
        },
        "loc": {
          "start": {
            "line": 1,
            "column": 26
          },
          "end": {
            "line": 1,
            "column": null
          }
        }
      },
      "1": {
        "name": "(anonymous_1)",
        "decl": {
          "start": {
            "line": 5,
            "column": 7
          },
          "end": {
            "line": 5,
            "column": 36
          }
        },
        "loc": {
          "start": {
            "line": 5,
            "column": 7
          },
          "end": {
            "line": 7,
            "column": 2
          }
        }
      }
    },
    "branchMap": {
      "0": {
        "loc": {
          "start": {
            "line": 1,
            "column": 26
          },
          "end": {
            "line": 1,
            "column": null
          }
        },
        "type": "binary-expr",
        "locations": [
          {
            "start": {
              "line": 1,
              "column": 26
            },
            "end": {
              "line": 1,
              "column": null
            }
          },
          {
            "start": {
              "line": 1,
              "column": 26
            },
            "end": {
              "line": 1,
              "column": null
            }
          }
        ]
      },
      "1": {
        "loc": {
          "start": {
            "line": 1,
            "column": 26
          },
          "end": {
            "line": 1,
            "column": null
          }
        },
        "type": "if",
        "locations": [
          {
            "start": {
              "line": 1,
              "column": 26
            },
            "end": {
              "line": 1,
              "column": null
            }
          }
        ]
      }
    },
    "s": {
      "0": 8,
      "1": 1,
      "2": 1,
      "3": 1,
      "4": 1
    },
    "f": {
      "0": 1,
      "1": 1
    },
    "b": {
      "0": [
        2,
        1
      ],
      "1": [
        1
      ]
    }
  }
}