{"C:\\Users\\vladu\\Documents\\Projects\\FanService\\.storybook\\main.ts": {"path":"C:\\Users\\vladu\\Documents\\Projects\\FanService\\.storybook\\main.ts","statementMap":{"0":{"start":{"line":4,"column":54},"end":{"line":8,"column":2}},"1":{"start":{"line":10,"column":32},"end":{"line":34,"column":2}},"2":{"start":{"line":35,"column":0},"end":{"line":35,"column":22}}},"fnMap":{},"branchMap":{},"s":{"0":1,"1":1,"2":1},"f":{},"b":{}}
,"C:\\Users\\vladu\\Documents\\Projects\\FanService\\.storybook\\preview.ts": {"path":"C:\\Users\\vladu\\Documents\\Projects\\FanService\\.storybook\\preview.ts","statementMap":{"0":{"start":{"line":3,"column":25},"end":{"line":13,"column":2}},"1":{"start":{"line":15,"column":0},"end":{"line":15,"column":23}}},"fnMap":{},"branchMap":{},"s":{"0":1,"1":1},"f":{},"b":{}}
,"C:\\Users\\vladu\\Documents\\Projects\\FanService\\src\\shared\\ui\\button\\index.ts": {"path":"C:\\Users\\vladu\\Documents\\Projects\\FanService\\src\\shared\\ui\\button\\index.ts","statementMap":{"0":{"start":{"line":1,"column":0},"end":{"line":1,"column":9}},"1":{"start":{"line":1,"column":9},"end":{"line":1,"column":37}}},"fnMap":{"0":{"name":"(anonymous_0)","decl":{"start":{"line":1,"column":9},"end":{"line":1,"column":15}},"loc":{"start":{"line":1,"column":9},"end":{"line":1,"column":37}}}},"branchMap":{},"s":{"0":2,"1":4},"f":{"0":2},"b":{}}
,"C:\\Users\\vladu\\Documents\\Projects\\FanService\\src\\shared\\ui\\button\\stories\\Button.stories.ts": {"path":"C:\\Users\\vladu\\Documents\\Projects\\FanService\\src\\shared\\ui\\button\\stories\\Button.stories.ts","statementMap":{"0":{"start":{"line":2,"column":0},"end":{"line":2,"column":52}},"1":{"start":{"line":3,"column":0},"end":{"line":3,"column":41}},"2":{"start":{"line":4,"column":0},"end":{"line":4,"column":28}},"3":{"start":{"line":7,"column":13},"end":{"line":19,"column":32}},"4":{"start":{"line":21,"column":0},"end":{"line":21,"column":20}},"5":{"start":{"line":25,"column":13},"end":{"line":29,"column":2}},"6":{"start":{"line":31,"column":0},"end":{"line":36,"column":null}},"7":{"start":{"line":32,"column":17},"end":{"line":32,"column":38}},"8":{"start":{"line":33,"column":24},"end":{"line":33,"column":71}},"9":{"start":{"line":35,"column":2},"end":{"line":35,"column":55}}},"fnMap":{"0":{"name":"(anonymous_0)","decl":{"start":{"line":31,"column":15},"end":{"line":31,"column":20}},"loc":{"start":{"line":31,"column":41},"end":{"line":36,"column":1}}}},"branchMap":{},"s":{"0":1,"1":1,"2":1,"3":1,"4":1,"5":1,"6":1,"7":0,"8":0,"9":0},"f":{"0":0},"b":{}}
,"C:\\Users\\vladu\\Documents\\Projects\\FanService\\src\\shared\\ui\\button\\ui\\Button.tsx": {"path":"C:\\Users\\vladu\\Documents\\Projects\\FanService\\src\\shared\\ui\\button\\ui\\Button.tsx","statementMap":{"0":{"start":{"line":2,"column":0},"end":{"line":2,"column":42}},"1":{"start":{"line":5,"column":39},"end":{"line":7,"column":1}},"2":{"start":{"line":6,"column":2},"end":{"line":6,"column":64}},"3":{"start":{"line":5,"column":13},"end":{"line":5,"column":39}}},"fnMap":{"0":{"name":"(anonymous_1)","decl":{"start":{"line":5,"column":39},"end":{"line":5,"column":40}},"loc":{"start":{"line":5,"column":56},"end":{"line":7,"column":1}}}},"branchMap":{},"s":{"0":2,"1":2,"2":2,"3":2},"f":{"0":2},"b":{}}
}
