TN:
SF:.storybook\main.ts
FNF:0
FNH:0
DA:4,1
DA:10,1
DA:35,1
LF:3
LH:3
BRF:0
BRH:0
end_of_record
TN:
SF:.storybook\preview.ts
FNF:0
FNH:0
DA:3,1
DA:15,1
LF:2
LH:2
BRF:0
BRH:0
end_of_record
TN:
SF:src\shared\ui\button\index.ts
FN:1,(anonymous_0)
FNF:1
FNH:1
FNDA:2,(anonymous_0)
DA:1,4
LF:1
LH:1
BRF:0
BRH:0
end_of_record
TN:
SF:src\shared\ui\button\stories\Button.stories.ts
FN:31,(anonymous_0)
FNF:1
FNH:0
FNDA:0,(anonymous_0)
DA:2,1
DA:3,1
DA:4,1
DA:7,1
DA:21,1
DA:25,1
DA:31,1
DA:32,0
DA:33,0
DA:35,0
LF:10
LH:7
BRF:0
BRH:0
end_of_record
TN:
SF:src\shared\ui\button\ui\Button.tsx
FN:5,(anonymous_1)
FNF:1
FNH:1
FNDA:2,(anonymous_1)
DA:2,2
DA:5,2
DA:6,2
LF:3
LH:3
BRF:0
BRH:0
end_of_record
